<?xml version="1.0" encoding="UTF-8"?>
<testsuites name="jest tests" tests="1" failures="0" errors="0" time="27.747">
  <testsuite name="jupyterlab_terminal_html_log" errors="0" failures="0" skipped="0" timestamp="2024-09-26T20:50:09" time="12.067" tests="1">
    <testcase classname="jupyterlab_terminal_html_log should be tested" name="jupyterlab_terminal_html_log should be tested" time="0.006">
    </testcase>
  </testsuite>
</testsuites>